\BOOKMARK [0][-]{chapter.1}{\376\377\000I\000n\000t\000r\000o\000d\000u\000c\000c\000i\000\363\000n}{}% 1
\BOOKMARK [1][-]{section.1.1}{\376\377\000T\000e\000c\000n\000o\000l\000o\000g\000\355\000a\000s}{chapter.1}% 2
\BOOKMARK [2][-]{subsection.1.1.1}{\376\377\000S\000t\000a\000c\000k\000\040\000T\000e\000c\000n\000o\000l\000\363\000g\000i\000c\000o\000\040\000D\000e\000t\000a\000l\000l\000a\000d\000o}{section.1.1}% 3
\BOOKMARK [0][-]{chapter.2}{\376\377\000A\000r\000q\000u\000i\000t\000e\000c\000t\000u\000r\000a\000\040\000d\000e\000l\000\040\000S\000i\000s\000t\000e\000m\000a}{}% 4
\BOOKMARK [1][-]{section.2.1}{\376\377\000P\000a\000t\000r\000\363\000n\000\040\000A\000r\000q\000u\000i\000t\000e\000c\000t\000\363\000n\000i\000c\000o}{chapter.2}% 5
\BOOKMARK [2][-]{subsection.2.1.1}{\376\377\000C\000a\000p\000a\000s\000\040\000d\000e\000\040\000l\000a\000\040\000A\000r\000q\000u\000i\000t\000e\000c\000t\000u\000r\000a}{section.2.1}% 6
\BOOKMARK [2][-]{subsection.2.1.2}{\376\377\000E\000s\000t\000r\000u\000c\000t\000u\000r\000a\000\040\000d\000e\000\040\000D\000i\000r\000e\000c\000t\000o\000r\000i\000o\000s}{section.2.1}% 7
\BOOKMARK [1][-]{section.2.2}{\376\377\000G\000e\000s\000t\000i\000\363\000n\000\040\000d\000e\000\040\000E\000s\000t\000a\000d\000o}{chapter.2}% 8
\BOOKMARK [2][-]{subsection.2.2.1}{\376\377\000C\000o\000n\000t\000e\000x\000t\000\040\000A\000P\000I\000\040\000d\000e\000\040\000R\000e\000a\000c\000t}{section.2.2}% 9
\BOOKMARK [2][-]{subsection.2.2.2}{\376\377\000P\000r\000o\000v\000i\000d\000e\000r\000s\000\040\000P\000r\000i\000n\000c\000i\000p\000a\000l\000e\000s}{section.2.2}% 10
\BOOKMARK [1][-]{section.2.3}{\376\377\000C\000o\000m\000p\000o\000n\000e\000n\000t\000e\000s\000\040\000P\000r\000i\000n\000c\000i\000p\000a\000l\000e\000s}{chapter.2}% 11
\BOOKMARK [2][-]{subsection.2.3.1}{\376\377\000I\000n\000t\000e\000g\000r\000a\000c\000i\000\363\000n\000\040\000c\000o\000n\000\040\000G\000e\000m\000i\000n\000i\000\040\000A\000I}{section.2.3}% 12
\BOOKMARK [2][-]{subsection.2.3.2}{\376\377\000S\000i\000s\000t\000e\000m\000a\000\040\000d\000e\000\040\000A\000u\000t\000e\000n\000t\000i\000c\000a\000c\000i\000\363\000n}{section.2.3}% 13
\BOOKMARK [0][-]{chapter.3}{\376\377\000P\000a\000n\000t\000a\000l\000l\000a\000s\000\040\000y\000\040\000F\000u\000n\000c\000i\000o\000n\000a\000l\000i\000d\000a\000d\000e\000s}{}% 14
\BOOKMARK [1][-]{section.3.1}{\376\377\000D\000a\000s\000h\000b\000o\000a\000r\000d\000\040\000P\000r\000i\000n\000c\000i\000p\000a\000l}{chapter.3}% 15
\BOOKMARK [2][-]{subsection.3.1.1}{\376\377\000C\000o\000m\000p\000o\000n\000e\000n\000t\000e\000s\000\040\000d\000e\000l\000\040\000D\000a\000s\000h\000b\000o\000a\000r\000d}{section.3.1}% 16
\BOOKMARK [2][-]{subsection.3.1.2}{\376\377\000M\000\351\000t\000r\000i\000c\000a\000s\000\040\000M\000o\000s\000t\000r\000a\000d\000a\000s}{section.3.1}% 17
\BOOKMARK [1][-]{section.3.2}{\376\377\000S\000i\000s\000t\000e\000m\000a\000\040\000d\000e\000\040\000E\000x\000a\000m\000e\000n\000e\000s}{chapter.3}% 18
\BOOKMARK [2][-]{subsection.3.2.1}{\376\377\000C\000a\000t\000e\000g\000o\000r\000\355\000a\000s\000\040\000D\000i\000s\000p\000o\000n\000i\000b\000l\000e\000s}{section.3.2}% 19
\BOOKMARK [2][-]{subsection.3.2.2}{\376\377\000E\000s\000t\000r\000u\000c\000t\000u\000r\000a\000\040\000d\000e\000\040\000E\000x\000a\000m\000e\000n\000e\000s}{section.3.2}% 20
\BOOKMARK [1][-]{section.3.3}{\376\377\000S\000i\000s\000t\000e\000m\000a\000\040\000d\000e\000\040\000R\000e\000t\000r\000o\000a\000l\000i\000m\000e\000n\000t\000a\000c\000i\000\363\000n}{chapter.3}% 21
\BOOKMARK [2][-]{subsection.3.3.1}{\376\377\000F\000u\000n\000c\000i\000o\000n\000a\000l\000i\000d\000a\000d\000e\000s\000\040\000A\000v\000a\000n\000z\000a\000d\000a\000s}{section.3.3}% 22
\BOOKMARK [2][-]{subsection.3.3.2}{\376\377\000G\000e\000n\000e\000r\000a\000c\000i\000\363\000n\000\040\000d\000e\000\040\000F\000e\000e\000d\000b\000a\000c\000k\000\040\000c\000o\000n\000\040\000I\000A}{section.3.3}% 23
\BOOKMARK [0][-]{chapter.4}{\376\377\000C\000o\000n\000f\000i\000g\000u\000r\000a\000c\000i\000\363\000n\000\040\000y\000\040\000D\000e\000s\000a\000r\000r\000o\000l\000l\000o}{}% 24
\BOOKMARK [1][-]{section.4.1}{\376\377\000R\000e\000q\000u\000i\000s\000i\000t\000o\000s\000\040\000d\000e\000l\000\040\000S\000i\000s\000t\000e\000m\000a}{chapter.4}% 25
\BOOKMARK [2][-]{subsection.4.1.1}{\376\377\000E\000n\000t\000o\000r\000n\000o\000\040\000d\000e\000\040\000D\000e\000s\000a\000r\000r\000o\000l\000l\000o}{section.4.1}% 26
\BOOKMARK [2][-]{subsection.4.1.2}{\376\377\000V\000a\000r\000i\000a\000b\000l\000e\000s\000\040\000d\000e\000\040\000E\000n\000t\000o\000r\000n\000o}{section.4.1}% 27
\BOOKMARK [1][-]{section.4.2}{\376\377\000D\000e\000p\000e\000n\000d\000e\000n\000c\000i\000a\000s\000\040\000d\000e\000l\000\040\000P\000r\000o\000y\000e\000c\000t\000o}{chapter.4}% 28
\BOOKMARK [2][-]{subsection.4.2.1}{\376\377\000D\000e\000p\000e\000n\000d\000e\000n\000c\000i\000a\000s\000\040\000d\000e\000\040\000P\000r\000o\000d\000u\000c\000c\000i\000\363\000n}{section.4.2}% 29
\BOOKMARK [2][-]{subsection.4.2.2}{\376\377\000D\000e\000p\000e\000n\000d\000e\000n\000c\000i\000a\000s\000\040\000d\000e\000\040\000D\000e\000s\000a\000r\000r\000o\000l\000l\000o}{section.4.2}% 30
\BOOKMARK [1][-]{section.4.3}{\376\377\000P\000r\000o\000c\000e\000s\000o\000\040\000d\000e\000\040\000B\000u\000i\000l\000d}{chapter.4}% 31
\BOOKMARK [2][-]{subsection.4.3.1}{\376\377\000C\000o\000m\000a\000n\000d\000o\000s\000\040\000d\000e\000\040\000D\000e\000s\000a\000r\000r\000o\000l\000l\000o}{section.4.3}% 32
\BOOKMARK [2][-]{subsection.4.3.2}{\376\377\000B\000u\000i\000l\000d\000\040\000d\000e\000\040\000P\000r\000o\000d\000u\000c\000c\000i\000\363\000n}{section.4.3}% 33
\BOOKMARK [0][-]{chapter.5}{\376\377\000B\000a\000c\000k\000e\000n\000d\000\040\000y\000\040\000B\000a\000s\000e\000\040\000d\000e\000\040\000D\000a\000t\000o\000s}{}% 34
\BOOKMARK [1][-]{section.5.1}{\376\377\000S\000u\000p\000a\000b\000a\000s\000e\000\040\000c\000o\000m\000o\000\040\000B\000a\000c\000k\000e\000n\000d}{chapter.5}% 35
\BOOKMARK [2][-]{subsection.5.1.1}{\376\377\000C\000o\000m\000p\000o\000n\000e\000n\000t\000e\000s\000\040\000d\000e\000\040\000S\000u\000p\000a\000b\000a\000s\000e}{section.5.1}% 36
\BOOKMARK [2][-]{subsection.5.1.2}{\376\377\000E\000s\000t\000r\000u\000c\000t\000u\000r\000a\000\040\000d\000e\000\040\000l\000a\000\040\000B\000a\000s\000e\000\040\000d\000e\000\040\000D\000a\000t\000o\000s}{section.5.1}% 37
\BOOKMARK [2][-]{subsection.5.1.3}{\376\377\000P\000o\000l\000\355\000t\000i\000c\000a\000s\000\040\000d\000e\000\040\000S\000e\000g\000u\000r\000i\000d\000a\000d}{section.5.1}% 38
\BOOKMARK [1][-]{section.5.2}{\376\377\000I\000n\000t\000e\000g\000r\000a\000c\000i\000\363\000n\000\040\000c\000o\000n\000\040\000G\000o\000o\000g\000l\000e\000\040\000G\000e\000m\000i\000n\000i}{chapter.5}% 39
\BOOKMARK [2][-]{subsection.5.2.1}{\376\377\000C\000o\000n\000f\000i\000g\000u\000r\000a\000c\000i\000\363\000n\000\040\000d\000e\000l\000\040\000M\000o\000d\000e\000l\000o}{section.5.2}% 40
\BOOKMARK [2][-]{subsection.5.2.2}{\376\377\000F\000u\000n\000c\000i\000o\000n\000a\000l\000i\000d\000a\000d\000e\000s\000\040\000d\000e\000\040\000I\000A}{section.5.2}% 41
\BOOKMARK [0][-]{chapter.6}{\376\377\000A\000P\000I\000\040\000E\000n\000d\000p\000o\000i\000n\000t\000s}{}% 42
\BOOKMARK [1][-]{section.6.1}{\376\377\000E\000n\000d\000p\000o\000i\000n\000t\000s\000\040\000d\000e\000\040\000A\000u\000t\000e\000n\000t\000i\000c\000a\000c\000i\000\363\000n}{chapter.6}% 43
\BOOKMARK [2][-]{subsection.6.1.1}{\376\377\000R\000e\000g\000i\000s\000t\000r\000o\000\040\000d\000e\000\040\000U\000s\000u\000a\000r\000i\000o}{section.6.1}% 44
\BOOKMARK [2][-]{subsection.6.1.2}{\376\377\000I\000n\000i\000c\000i\000o\000\040\000d\000e\000\040\000S\000e\000s\000i\000\363\000n}{section.6.1}% 45
\BOOKMARK [1][-]{section.6.2}{\376\377\000E\000n\000d\000p\000o\000i\000n\000t\000s\000\040\000d\000e\000\040\000E\000x\000a\000m\000e\000n\000e\000s}{chapter.6}% 46
\BOOKMARK [2][-]{subsection.6.2.1}{\376\377\000G\000e\000n\000e\000r\000a\000r\000\040\000E\000x\000a\000m\000e\000n\000\040\000d\000e\000s\000d\000e\000\040\000A\000r\000c\000h\000i\000v\000o}{section.6.2}% 47
\BOOKMARK [2][-]{subsection.6.2.2}{\376\377\000G\000e\000n\000e\000r\000a\000r\000\040\000E\000x\000a\000m\000e\000n\000\040\000d\000e\000s\000d\000e\000\040\000T\000e\000x\000t\000o}{section.6.2}% 48
\BOOKMARK [2][-]{subsection.6.2.3}{\376\377\000O\000b\000t\000e\000n\000e\000r\000\040\000E\000x\000a\000m\000e\000n\000e\000s\000\040\000d\000e\000l\000\040\000U\000s\000u\000a\000r\000i\000o}{section.6.2}% 49
\BOOKMARK [1][-]{section.6.3}{\376\377\000E\000n\000d\000p\000o\000i\000n\000t\000s\000\040\000d\000e\000\040\000R\000e\000s\000u\000l\000t\000a\000d\000o\000s}{chapter.6}% 50
\BOOKMARK [2][-]{subsection.6.3.1}{\376\377\000E\000n\000v\000i\000a\000r\000\040\000R\000e\000s\000p\000u\000e\000s\000t\000a\000s\000\040\000d\000e\000\040\000E\000x\000a\000m\000e\000n}{section.6.3}% 51
\BOOKMARK [2][-]{subsection.6.3.2}{\376\377\000G\000e\000n\000e\000r\000a\000r\000\040\000R\000e\000t\000r\000o\000a\000l\000i\000m\000e\000n\000t\000a\000c\000i\000\363\000n}{section.6.3}% 52
\BOOKMARK [0][-]{chapter.7}{\376\377\000S\000e\000g\000u\000r\000i\000d\000a\000d\000\040\000y\000\040\000O\000p\000t\000i\000m\000i\000z\000a\000c\000i\000\363\000n}{}% 53
\BOOKMARK [1][-]{section.7.1}{\376\377\000M\000e\000d\000i\000d\000a\000s\000\040\000d\000e\000\040\000S\000e\000g\000u\000r\000i\000d\000a\000d}{chapter.7}% 54
\BOOKMARK [2][-]{subsection.7.1.1}{\376\377\000A\000u\000t\000e\000n\000t\000i\000c\000a\000c\000i\000\363\000n\000\040\000y\000\040\000A\000u\000t\000o\000r\000i\000z\000a\000c\000i\000\363\000n}{section.7.1}% 55
\BOOKMARK [2][-]{subsection.7.1.2}{\376\377\000P\000r\000o\000t\000e\000c\000c\000i\000\363\000n\000\040\000d\000e\000\040\000D\000a\000t\000o\000s}{section.7.1}% 56
\BOOKMARK [1][-]{section.7.2}{\376\377\000O\000p\000t\000i\000m\000i\000z\000a\000c\000i\000\363\000n\000\040\000d\000e\000\040\000R\000e\000n\000d\000i\000m\000i\000e\000n\000t\000o}{chapter.7}% 57
\BOOKMARK [2][-]{subsection.7.2.1}{\376\377\000F\000r\000o\000n\000t\000e\000n\000d}{section.7.2}% 58
\BOOKMARK [2][-]{subsection.7.2.2}{\376\377\000B\000a\000c\000k\000e\000n\000d}{section.7.2}% 59
\BOOKMARK [0][-]{chapter.8}{\376\377\000D\000e\000s\000p\000l\000i\000e\000g\000u\000e\000\040\000y\000\040\000M\000a\000n\000t\000e\000n\000i\000m\000i\000e\000n\000t\000o}{}% 60
\BOOKMARK [1][-]{section.8.1}{\376\377\000P\000r\000o\000c\000e\000s\000o\000\040\000d\000e\000\040\000D\000e\000s\000p\000l\000i\000e\000g\000u\000e}{chapter.8}% 61
\BOOKMARK [2][-]{subsection.8.1.1}{\376\377\000F\000r\000o\000n\000t\000e\000n\000d\000\040\000\050\000H\000o\000s\000t\000i\000n\000g\000e\000r\000\051}{section.8.1}% 62
\BOOKMARK [2][-]{subsection.8.1.2}{\376\377\000B\000a\000c\000k\000e\000n\000d\000\040\000\050\000S\000e\000r\000v\000i\000d\000o\000r\000\040\000V\000P\000S\000\051}{section.8.1}% 63
\BOOKMARK [1][-]{section.8.2}{\376\377\000M\000o\000n\000i\000t\000o\000r\000e\000o\000\040\000y\000\040\000M\000a\000n\000t\000e\000n\000i\000m\000i\000e\000n\000t\000o}{chapter.8}% 64
\BOOKMARK [2][-]{subsection.8.2.1}{\376\377\000M\000\351\000t\000r\000i\000c\000a\000s\000\040\000I\000m\000p\000o\000r\000t\000a\000n\000t\000e\000s}{section.8.2}% 65
\BOOKMARK [2][-]{subsection.8.2.2}{\376\377\000L\000o\000g\000s\000\040\000y\000\040\000D\000e\000b\000u\000g\000g\000i\000n\000g}{section.8.2}% 66
\BOOKMARK [2][-]{subsection.8.2.3}{\376\377\000B\000a\000c\000k\000u\000p\000\040\000y\000\040\000R\000e\000c\000u\000p\000e\000r\000a\000c\000i\000\363\000n}{section.8.2}% 67
\BOOKMARK [0][-]{chapter.9}{\376\377\000C\000o\000n\000c\000l\000u\000s\000i\000\363\000n}{}% 68
\BOOKMARK [1][-]{section.9.1}{\376\377\000R\000e\000s\000u\000m\000e\000n\000\040\000d\000e\000l\000\040\000S\000i\000s\000t\000e\000m\000a}{chapter.9}% 69
\BOOKMARK [2][-]{subsection.9.1.1}{\376\377\000C\000a\000r\000a\000c\000t\000e\000r\000\355\000s\000t\000i\000c\000a\000s\000\040\000P\000r\000i\000n\000c\000i\000p\000a\000l\000e\000s}{section.9.1}% 70
\BOOKMARK [2][-]{subsection.9.1.2}{\376\377\000B\000e\000n\000e\000f\000i\000c\000i\000o\000s\000\040\000T\000\351\000c\000n\000i\000c\000o\000s}{section.9.1}% 71
\BOOKMARK [1][-]{section.9.2}{\376\377\000T\000r\000a\000b\000a\000j\000o\000\040\000F\000u\000t\000u\000r\000o}{chapter.9}% 72
\BOOKMARK [2][-]{subsection.9.2.1}{\376\377\000M\000e\000j\000o\000r\000a\000s\000\040\000P\000l\000a\000n\000i\000f\000i\000c\000a\000d\000a\000s}{section.9.2}% 73
\BOOKMARK [2][-]{subsection.9.2.2}{\376\377\000E\000s\000c\000a\000l\000a\000b\000i\000l\000i\000d\000a\000d}{section.9.2}% 74
