\BOOKMARK [0][-]{chapter.1}{\376\377\000I\000n\000t\000r\000o\000d\000u\000c\000c\000i\000\363\000n}{}% 1
\BOOKMARK [1][-]{section.1.1}{\376\377\000P\000r\000o\000p\000\363\000s\000i\000t\000o\000\040\000d\000e\000l\000\040\000S\000i\000s\000t\000e\000m\000a}{chapter.1}% 2
\BOOKMARK [1][-]{section.1.2}{\376\377\000A\000l\000c\000a\000n\000c\000e}{chapter.1}% 3
\BOOKMARK [1][-]{section.1.3}{\376\377\000A\000u\000d\000i\000e\000n\000c\000i\000a}{chapter.1}% 4
\BOOKMARK [0][-]{chapter.2}{\376\377\000A\000r\000q\000u\000i\000t\000e\000c\000t\000u\000r\000a\000\040\000d\000e\000l\000\040\000S\000i\000s\000t\000e\000m\000a}{}% 5
\BOOKMARK [1][-]{section.2.1}{\376\377\000A\000r\000q\000u\000i\000t\000e\000c\000t\000u\000r\000a\000\040\000G\000e\000n\000e\000r\000a\000l}{chapter.2}% 6
\BOOKMARK [1][-]{section.2.2}{\376\377\000P\000a\000t\000r\000\363\000n\000\040\000A\000r\000q\000u\000i\000t\000e\000c\000t\000\363\000n\000i\000c\000o}{chapter.2}% 7
\BOOKMARK [0][-]{chapter.3}{\376\377\000T\000e\000c\000n\000o\000l\000o\000g\000\355\000a\000s\000\040\000U\000t\000i\000l\000i\000z\000a\000d\000a\000s}{}% 8
\BOOKMARK [1][-]{section.3.1}{\376\377\000F\000r\000o\000n\000t\000e\000n\000d}{chapter.3}% 9
\BOOKMARK [1][-]{section.3.2}{\376\377\000B\000a\000c\000k\000e\000n\000d}{chapter.3}% 10
\BOOKMARK [1][-]{section.3.3}{\376\377\000B\000a\000s\000e\000\040\000d\000e\000\040\000D\000a\000t\000o\000s}{chapter.3}% 11
\BOOKMARK [0][-]{chapter.4}{\376\377\000I\000n\000s\000t\000a\000l\000a\000c\000i\000\363\000n\000\040\000y\000\040\000C\000o\000n\000f\000i\000g\000u\000r\000a\000c\000i\000\363\000n}{}% 12
\BOOKMARK [1][-]{section.4.1}{\376\377\000R\000e\000q\000u\000i\000s\000i\000t\000o\000s\000\040\000P\000r\000e\000v\000i\000o\000s}{chapter.4}% 13
\BOOKMARK [1][-]{section.4.2}{\376\377\000I\000n\000s\000t\000a\000l\000a\000c\000i\000\363\000n\000\040\000F\000r\000o\000n\000t\000e\000n\000d}{chapter.4}% 14
\BOOKMARK [1][-]{section.4.3}{\376\377\000I\000n\000s\000t\000a\000l\000a\000c\000i\000\363\000n\000\040\000B\000a\000c\000k\000e\000n\000d}{chapter.4}% 15
\BOOKMARK [1][-]{section.4.4}{\376\377\000V\000a\000r\000i\000a\000b\000l\000e\000s\000\040\000d\000e\000\040\000E\000n\000t\000o\000r\000n\000o}{chapter.4}% 16
\BOOKMARK [2][-]{subsection.4.4.1}{\376\377\000F\000r\000o\000n\000t\000e\000n\000d\000\040\000\050\000.\000e\000n\000v\000\051}{section.4.4}% 17
\BOOKMARK [2][-]{subsection.4.4.2}{\376\377\000B\000a\000c\000k\000e\000n\000d\000\040\000\050\000.\000e\000n\000v\000\051}{section.4.4}% 18
\BOOKMARK [0][-]{chapter.5}{\376\377\000E\000s\000t\000r\000u\000c\000t\000u\000r\000a\000\040\000d\000e\000l\000\040\000P\000r\000o\000y\000e\000c\000t\000o}{}% 19
\BOOKMARK [1][-]{section.5.1}{\376\377\000F\000r\000o\000n\000t\000e\000n\000d}{chapter.5}% 20
\BOOKMARK [1][-]{section.5.2}{\376\377\000B\000a\000c\000k\000e\000n\000d}{chapter.5}% 21
\BOOKMARK [0][-]{chapter.6}{\376\377\000C\000o\000m\000p\000o\000n\000e\000n\000t\000e\000s\000\040\000P\000r\000i\000n\000c\000i\000p\000a\000l\000e\000s}{}% 22
\BOOKMARK [1][-]{section.6.1}{\376\377\000F\000r\000o\000n\000t\000e\000n\000d\000\040\000C\000o\000m\000p\000o\000n\000e\000n\000t\000s}{chapter.6}% 23
\BOOKMARK [2][-]{subsection.6.1.1}{\376\377\000A\000u\000t\000h\000C\000o\000n\000t\000e\000x\000t}{section.6.1}% 24
\BOOKMARK [2][-]{subsection.6.1.2}{\376\377\000E\000x\000a\000m\000e\000n\000P\000a\000g\000e}{section.6.1}% 25
\BOOKMARK [2][-]{subsection.6.1.3}{\376\377\000N\000a\000v\000b\000a\000r}{section.6.1}% 26
\BOOKMARK [1][-]{section.6.2}{\376\377\000B\000a\000c\000k\000e\000n\000d\000\040\000M\000o\000d\000u\000l\000e\000s}{chapter.6}% 27
\BOOKMARK [2][-]{subsection.6.2.1}{\376\377\000A\000u\000t\000h\000e\000n\000t\000i\000c\000a\000t\000i\000o\000n\000\040\000M\000i\000d\000d\000l\000e\000w\000a\000r\000e}{section.6.2}% 28
\BOOKMARK [2][-]{subsection.6.2.2}{\376\377\000S\000u\000p\000a\000b\000a\000s\000e\000\040\000I\000n\000t\000e\000g\000r\000a\000t\000i\000o\000n}{section.6.2}% 29
\BOOKMARK [0][-]{chapter.7}{\376\377\000A\000P\000I\000\040\000E\000n\000d\000p\000o\000i\000n\000t\000s}{}% 30
\BOOKMARK [1][-]{section.7.1}{\376\377\000G\000e\000n\000e\000r\000a\000c\000i\000\363\000n\000\040\000d\000e\000\040\000E\000x\000\341\000m\000e\000n\000e\000s}{chapter.7}% 31
\BOOKMARK [2][-]{subsection.7.1.1}{\376\377\000P\000O\000S\000T\000\040\000/\000a\000p\000i\000/\000u\000p\000l\000o\000a\000d\000\137\000f\000i\000l\000e\000s}{section.7.1}% 32
\BOOKMARK [2][-]{subsection.7.1.2}{\376\377\000P\000O\000S\000T\000\040\000/\000a\000p\000i\000/\000g\000e\000n\000e\000r\000a\000t\000e\000-\000c\000o\000n\000t\000e\000n\000t}{section.7.1}% 33
\BOOKMARK [2][-]{subsection.7.1.3}{\376\377\000P\000O\000S\000T\000\040\000/\000a\000p\000i\000/\000g\000e\000n\000e\000r\000a\000t\000e\000-\000c\000o\000n\000t\000e\000n\000t\000-\000b\000a\000s\000e\000d\000-\000o\000n\000-\000h\000i\000s\000t\000o\000r\000y}{section.7.1}% 34
\BOOKMARK [1][-]{section.7.2}{\376\377\000R\000e\000t\000r\000o\000a\000l\000i\000m\000e\000n\000t\000a\000c\000i\000\363\000n}{chapter.7}% 35
\BOOKMARK [2][-]{subsection.7.2.1}{\376\377\000P\000O\000S\000T\000\040\000/\000a\000p\000i\000/\000g\000e\000n\000e\000r\000a\000t\000e\000-\000f\000e\000e\000d\000b\000a\000c\000k}{section.7.2}% 36
\BOOKMARK [0][-]{chapter.8}{\376\377\000B\000a\000s\000e\000\040\000d\000e\000\040\000D\000a\000t\000o\000s}{}% 37
\BOOKMARK [1][-]{section.8.1}{\376\377\000E\000s\000t\000r\000u\000c\000t\000u\000r\000a\000\040\000d\000e\000\040\000T\000a\000b\000l\000a\000s}{chapter.8}% 38
\BOOKMARK [2][-]{subsection.8.1.1}{\376\377\000T\000a\000b\000l\000a\000:\000\040\000u\000s\000e\000r\000s}{section.8.1}% 39
\BOOKMARK [2][-]{subsection.8.1.2}{\376\377\000T\000a\000b\000l\000a\000:\000\040\000e\000x\000a\000m\000s}{section.8.1}% 40
\BOOKMARK [2][-]{subsection.8.1.3}{\376\377\000T\000a\000b\000l\000a\000:\000\040\000e\000x\000a\000m\000\137\000r\000e\000s\000u\000l\000t\000s}{section.8.1}% 41
\BOOKMARK [2][-]{subsection.8.1.4}{\376\377\000T\000a\000b\000l\000a\000:\000\040\000f\000e\000e\000d\000b\000a\000c\000k}{section.8.1}% 42
\BOOKMARK [0][-]{chapter.9}{\376\377\000I\000n\000t\000e\000g\000r\000a\000c\000i\000\363\000n\000\040\000c\000o\000n\000\040\000I\000A}{}% 43
\BOOKMARK [1][-]{section.9.1}{\376\377\000G\000o\000o\000g\000l\000e\000\040\000G\000e\000m\000i\000n\000i\000\040\000A\000I}{chapter.9}% 44
\BOOKMARK [2][-]{subsection.9.1.1}{\376\377\000M\000o\000d\000e\000l\000o\000s\000\040\000U\000t\000i\000l\000i\000z\000a\000d\000o\000s}{section.9.1}% 45
\BOOKMARK [2][-]{subsection.9.1.2}{\376\377\000P\000r\000o\000m\000p\000t\000\040\000E\000n\000g\000i\000n\000e\000e\000r\000i\000n\000g}{section.9.1}% 46
\BOOKMARK [2][-]{subsection.9.1.3}{\376\377\000P\000r\000o\000c\000e\000s\000a\000m\000i\000e\000n\000t\000o\000\040\000d\000e\000\040\000A\000r\000c\000h\000i\000v\000o\000s}{section.9.1}% 47
\BOOKMARK [0][-]{chapter.10}{\376\377\000F\000u\000n\000c\000i\000o\000n\000a\000l\000i\000d\000a\000d\000e\000s\000\040\000d\000e\000l\000\040\000S\000i\000s\000t\000e\000m\000a}{}% 48
\BOOKMARK [1][-]{section.10.1}{\376\377\000G\000e\000s\000t\000i\000\363\000n\000\040\000d\000e\000\040\000U\000s\000u\000a\000r\000i\000o\000s}{chapter.10}% 49
\BOOKMARK [1][-]{section.10.2}{\376\377\000G\000e\000n\000e\000r\000a\000c\000i\000\363\000n\000\040\000d\000e\000\040\000E\000x\000\341\000m\000e\000n\000e\000s}{chapter.10}% 50
\BOOKMARK [1][-]{section.10.3}{\376\377\000R\000e\000a\000l\000i\000z\000a\000c\000i\000\363\000n\000\040\000d\000e\000\040\000E\000x\000\341\000m\000e\000n\000e\000s}{chapter.10}% 51
\BOOKMARK [1][-]{section.10.4}{\376\377\000R\000e\000t\000r\000o\000a\000l\000i\000m\000e\000n\000t\000a\000c\000i\000\363\000n}{chapter.10}% 52
\BOOKMARK [1][-]{section.10.5}{\376\377\000H\000i\000s\000t\000o\000r\000i\000a\000l\000\040\000y\000\040\000E\000s\000t\000a\000d\000\355\000s\000t\000i\000c\000a\000s}{chapter.10}% 53
\BOOKMARK [0][-]{chapter.11}{\376\377\000C\000o\000n\000f\000i\000g\000u\000r\000a\000c\000i\000\363\000n\000\040\000d\000e\000\040\000E\000n\000t\000o\000r\000n\000o}{}% 54
\BOOKMARK [1][-]{section.11.1}{\376\377\000D\000e\000s\000a\000r\000r\000o\000l\000l\000o}{chapter.11}% 55
\BOOKMARK [2][-]{subsection.11.1.1}{\376\377\000F\000r\000o\000n\000t\000e\000n\000d}{section.11.1}% 56
\BOOKMARK [2][-]{subsection.11.1.2}{\376\377\000B\000a\000c\000k\000e\000n\000d}{section.11.1}% 57
\BOOKMARK [1][-]{section.11.2}{\376\377\000P\000r\000o\000d\000u\000c\000c\000i\000\363\000n}{chapter.11}% 58
\BOOKMARK [2][-]{subsection.11.2.1}{\376\377\000B\000u\000i\000l\000d\000\040\000F\000r\000o\000n\000t\000e\000n\000d}{section.11.2}% 59
\BOOKMARK [2][-]{subsection.11.2.2}{\376\377\000V\000a\000r\000i\000a\000b\000l\000e\000s\000\040\000d\000e\000\040\000E\000n\000t\000o\000r\000n\000o\000\040\000d\000e\000\040\000P\000r\000o\000d\000u\000c\000c\000i\000\363\000n}{section.11.2}% 60
\BOOKMARK [0][-]{chapter.12}{\376\377\000D\000e\000s\000p\000l\000i\000e\000g\000u\000e}{}% 61
\BOOKMARK [1][-]{section.12.1}{\376\377\000F\000r\000o\000n\000t\000e\000n\000d\000\040\000\050\000H\000o\000s\000t\000i\000n\000g\000e\000r\000\051}{chapter.12}% 62
\BOOKMARK [1][-]{section.12.2}{\376\377\000B\000a\000c\000k\000e\000n\000d}{chapter.12}% 63
\BOOKMARK [1][-]{section.12.3}{\376\377\000B\000a\000s\000e\000\040\000d\000e\000\040\000D\000a\000t\000o\000s}{chapter.12}% 64
\BOOKMARK [0][-]{chapter.13}{\376\377\000M\000a\000n\000t\000e\000n\000i\000m\000i\000e\000n\000t\000o}{}% 65
\BOOKMARK [1][-]{section.13.1}{\376\377\000L\000o\000g\000s}{chapter.13}% 66
\BOOKMARK [1][-]{section.13.2}{\376\377\000B\000a\000s\000e\000\040\000d\000e\000\040\000D\000a\000t\000o\000s}{chapter.13}% 67
\BOOKMARK [1][-]{section.13.3}{\376\377\000A\000c\000t\000u\000a\000l\000i\000z\000a\000c\000i\000o\000n\000e\000s}{chapter.13}% 68
\BOOKMARK [0][-]{chapter.14}{\376\377\000S\000o\000l\000u\000c\000i\000\363\000n\000\040\000d\000e\000\040\000P\000r\000o\000b\000l\000e\000m\000a\000s}{}% 69
\BOOKMARK [1][-]{section.14.1}{\376\377\000E\000r\000r\000o\000r\000e\000s\000\040\000C\000o\000m\000u\000n\000e\000s}{chapter.14}% 70
\BOOKMARK [2][-]{subsection.14.1.1}{\376\377\000E\000r\000r\000o\000r\000\040\000d\000e\000\040\000A\000P\000I\000\040\000K\000e\000y\000\040\000d\000e\000\040\000G\000e\000m\000i\000n\000i}{section.14.1}% 71
\BOOKMARK [2][-]{subsection.14.1.2}{\376\377\000E\000r\000r\000o\000r\000\040\000d\000e\000\040\000C\000O\000R\000S}{section.14.1}% 72
\BOOKMARK [2][-]{subsection.14.1.3}{\376\377\000E\000r\000r\000o\000r\000\040\000d\000e\000\040\000A\000u\000t\000e\000n\000t\000i\000c\000a\000c\000i\000\363\000n\000\040\000S\000u\000p\000a\000b\000a\000s\000e}{section.14.1}% 73
\BOOKMARK [1][-]{section.14.2}{\376\377\000M\000o\000n\000i\000t\000o\000r\000e\000o}{chapter.14}% 74
\BOOKMARK [2][-]{subsection.14.2.1}{\376\377\000M\000\351\000t\000r\000i\000c\000a\000s\000\040\000I\000m\000p\000o\000r\000t\000a\000n\000t\000e\000s}{section.14.2}% 75
\BOOKMARK [2][-]{subsection.14.2.2}{\376\377\000H\000e\000r\000r\000a\000m\000i\000e\000n\000t\000a\000s\000\040\000R\000e\000c\000o\000m\000e\000n\000d\000a\000d\000a\000s}{section.14.2}% 76
\BOOKMARK [0][-]{chapter.15}{\376\377\000C\000o\000n\000c\000l\000u\000s\000i\000\363\000n}{}% 77
