\BOOKMARK [0][-]{chapter*.2}{\376\377\000I\000N\000T\000R\000O\000D\000U\000C\000C\000I\000\323\000N}{}% 1
\BOOKMARK [0][-]{chapter.1}{\376\377\000M\000A\000R\000C\000O\000\040\000T\000E\000\323\000R\000I\000C\000O}{}% 2
\BOOKMARK [1][-]{section.1.1}{\376\377\000E\000v\000a\000l\000u\000a\000c\000i\000\363\000n\000\040\000e\000d\000u\000c\000a\000t\000i\000v\000a\000\040\000d\000i\000g\000i\000t\000a\000l}{chapter.1}% 3
\BOOKMARK [2][-]{subsection.1.1.1}{\376\377\000V\000e\000n\000t\000a\000j\000a\000s\000\040\000d\000e\000\040\000l\000a\000\040\000e\000v\000a\000l\000u\000a\000c\000i\000\363\000n\000\040\000d\000i\000g\000i\000t\000a\000l}{section.1.1}% 4
\BOOKMARK [2][-]{subsection.1.1.2}{\376\377\000H\000e\000r\000r\000a\000m\000i\000e\000n\000t\000a\000s\000\040\000d\000e\000\040\000e\000v\000a\000l\000u\000a\000c\000i\000\363\000n\000\040\000d\000i\000g\000i\000t\000a\000l\000:\000\040\000p\000a\000n\000o\000r\000a\000m\000a\000\040\000a\000c\000t\000u\000a\000l}{section.1.1}% 5
\BOOKMARK [1][-]{section.1.2}{\376\377\000D\000e\000s\000a\000r\000r\000o\000l\000l\000o\000\040\000w\000e\000b\000\040\000d\000e\000\040\000l\000a\000\040\000p\000l\000a\000t\000a\000f\000o\000r\000m\000a}{chapter.1}% 6
\BOOKMARK [2][-]{subsection.1.2.1}{\376\377\000H\000e\000r\000r\000a\000m\000i\000e\000n\000t\000a\000s\000\040\000p\000a\000r\000a\000\040\000e\000l\000\040\000d\000e\000s\000a\000r\000r\000o\000l\000l\000o\000\040\000w\000e\000b\000\040\000d\000e\000\040\000l\000a\000\040\000p\000l\000a\000t\000a\000f\000o\000r\000m\000a}{section.1.2}% 7
\BOOKMARK [2][-]{subsection.1.2.2}{\376\377\000B\000a\000s\000e\000s\000\040\000d\000e\000\040\000d\000a\000t\000o\000s\000\040\000p\000a\000r\000a\000\040\000e\000l\000\040\000b\000a\000c\000k\000-\000e\000n\000d}{section.1.2}% 8
\BOOKMARK [1][-]{section.1.3}{\376\377\000I\000n\000t\000e\000l\000i\000g\000e\000n\000c\000i\000a\000\040\000A\000r\000t\000i\000f\000i\000c\000i\000a\000l\000\040\000e\000n\000\040\000l\000a\000\040\000e\000v\000a\000l\000u\000a\000c\000i\000\363\000n\000\040\000e\000d\000u\000c\000a\000t\000i\000v\000a}{chapter.1}% 9
\BOOKMARK [2][-]{subsection.1.3.1}{\376\377\000P\000a\000n\000o\000r\000a\000m\000a\000\040\000A\000c\000t\000u\000a\000l\000\040\000d\000e\000\040\000M\000o\000d\000e\000l\000o\000s\000\040\000d\000e\000\040\000I\000A\000\040\000G\000e\000n\000e\000r\000a\000t\000i\000v\000a\000\040\000p\000a\000r\000a\000\040\000l\000a\000\040\000C\000r\000e\000a\000c\000i\000\363\000n\000\040\000d\000e\000\040\000C\000o\000n\000t\000e\000n\000i\000d\000o}{section.1.3}% 10
\BOOKMARK [2][-]{subsection.1.3.2}{\376\377\000A\000n\000\341\000l\000i\000s\000i\000s\000\040\000C\000o\000m\000p\000a\000r\000a\000t\000i\000v\000o\000\040\000y\000\040\000J\000u\000s\000t\000i\000f\000i\000c\000a\000c\000i\000\363\000n\000\040\000d\000e\000\040\000l\000a\000\040\000S\000e\000l\000e\000c\000c\000i\000\363\000n\000\040\000d\000e\000\040\000G\000e\000m\000i\000n\000i}{section.1.3}% 11
\BOOKMARK [2][-]{subsection.1.3.3}{\376\377\000I\000m\000p\000l\000e\000m\000e\000n\000t\000a\000c\000i\000\363\000n\000\040\000E\000s\000p\000e\000c\000\355\000f\000i\000c\000a\000\040\000d\000e\000\040\000G\000e\000m\000i\000n\000i\000\040\000e\000n\000\040\000l\000a\000\040\000P\000l\000a\000t\000a\000f\000o\000r\000m\000a}{section.1.3}% 12
\BOOKMARK [2][-]{subsection.1.3.4}{\376\377\000C\000o\000n\000t\000e\000x\000t\000u\000a\000l\000i\000z\000a\000c\000i\000\363\000n\000:\000\040\000A\000p\000l\000i\000c\000a\000c\000i\000o\000n\000e\000s\000\040\000d\000e\000\040\000I\000A\000\040\000e\000n\000\040\000P\000l\000a\000t\000a\000f\000o\000r\000m\000a\000s\000\040\000d\000e\000\040\000D\000i\000s\000e\000\361\000o\000\040\000E\000x\000i\000s\000t\000e\000n\000t\000e\000s}{section.1.3}% 13
\BOOKMARK [1][-]{section.1.4}{\376\377\000T\000e\000c\000n\000o\000l\000o\000g\000\355\000a\000s\000\040\000p\000a\000r\000a\000\040\000e\000l\000\040\000D\000e\000s\000a\000r\000r\000o\000l\000l\000o\000\040\000W\000e\000b\000\040\000d\000e\000\040\000l\000a\000\040\000P\000l\000a\000t\000a\000f\000o\000r\000m\000a}{chapter.1}% 14
\BOOKMARK [2][-]{subsection.1.4.1}{\376\377\000D\000e\000s\000a\000r\000r\000o\000l\000l\000o\000\040\000d\000e\000l\000\040\000F\000r\000o\000n\000t\000e\000n\000d\000:\000\040\000I\000n\000t\000e\000r\000f\000a\000z\000\040\000d\000e\000\040\000U\000s\000u\000a\000r\000i\000o\000\040\000D\000i\000n\000\341\000m\000i\000c\000a\000\040\000c\000o\000n\000\040\000R\000e\000a\000c\000t}{section.1.4}% 15
\BOOKMARK [2][-]{subsection.1.4.2}{\376\377\000B\000a\000c\000k\000e\000n\000d\000\040\000y\000\040\000B\000a\000s\000e\000\040\000d\000e\000\040\000D\000a\000t\000o\000s\000:\000\040\000P\000o\000t\000e\000n\000c\000i\000a\000n\000d\000o\000\040\000l\000a\000\040\000P\000l\000a\000t\000a\000f\000o\000r\000m\000a\000\040\000c\000o\000n\000\040\000S\000u\000p\000a\000b\000a\000s\000e}{section.1.4}% 16
\BOOKMARK [2][-]{subsection.1.4.3}{\376\377\000I\000n\000t\000e\000g\000r\000a\000c\000i\000\363\000n\000\040\000d\000e\000\040\000I\000n\000t\000e\000l\000i\000g\000e\000n\000c\000i\000a\000\040\000A\000r\000t\000i\000f\000i\000c\000i\000a\000l\000\040\000c\000o\000n\000\040\000l\000a\000\040\000A\000P\000I\000\040\000d\000e\000\040\000G\000e\000m\000i\000n\000i}{section.1.4}% 17
\BOOKMARK [0][-]{chapter.2}{\376\377\000A\000N\000\301\000L\000I\000S\000I\000S\000\040\000D\000E\000\040\000R\000E\000Q\000U\000E\000R\000I\000M\000I\000E\000N\000T\000O\000S\000\040\000Y\000\040\000A\000R\000Q\000U\000I\000T\000E\000C\000T\000U\000R\000A\000\040\000D\000E\000L\000\040\000S\000I\000S\000T\000E\000M\000A}{}% 18
\BOOKMARK [1][-]{section.2.1}{\376\377\000L\000e\000v\000a\000n\000t\000a\000m\000i\000e\000n\000t\000o\000\040\000d\000e\000\040\000r\000e\000q\000u\000e\000r\000i\000m\000i\000e\000n\000t\000o\000s}{chapter.2}% 19
\BOOKMARK [1][-]{section.2.2}{\376\377\000R\000e\000q\000u\000e\000r\000i\000m\000i\000e\000n\000t\000o\000s\000\040\000d\000e\000l\000\040\000s\000i\000s\000t\000e\000m\000a}{chapter.2}% 20
\BOOKMARK [2][-]{subsection.2.2.1}{\376\377\000R\000e\000q\000u\000e\000r\000i\000m\000i\000e\000n\000t\000o\000s\000\040\000f\000u\000n\000c\000i\000o\000n\000a\000l\000e\000s}{section.2.2}% 21
\BOOKMARK [2][-]{subsection.2.2.2}{\376\377\000R\000e\000q\000u\000e\000r\000i\000m\000i\000e\000n\000t\000o\000s\000\040\000n\000o\000\040\000f\000u\000n\000c\000i\000o\000n\000a\000l\000e\000s}{section.2.2}% 22
\BOOKMARK [1][-]{section.2.3}{\376\377\000M\000o\000d\000e\000l\000o\000\040\000d\000e\000\040\000i\000n\000t\000e\000r\000a\000c\000c\000i\000\363\000n\000\040\000y\000\040\000e\000x\000p\000e\000r\000i\000e\000n\000c\000i\000a\000\040\000d\000e\000\040\000u\000s\000u\000a\000r\000i\000o}{chapter.2}% 23
\BOOKMARK [2][-]{subsection.2.3.1}{\376\377\000P\000r\000i\000n\000c\000i\000p\000i\000o\000s\000\040\000d\000e\000\040\000d\000i\000s\000e\000\361\000o\000\040\000a\000p\000l\000i\000c\000a\000d\000o\000s}{section.2.3}% 24
\BOOKMARK [2][-]{subsection.2.3.2}{\376\377\000F\000l\000u\000j\000o\000\040\000d\000e\000\040\000i\000n\000t\000e\000r\000a\000c\000c\000i\000\363\000n\000\040\000d\000e\000l\000\040\000u\000s\000u\000a\000r\000i\000o}{section.2.3}% 25
\BOOKMARK [1][-]{section.2.4}{\376\377\000A\000r\000q\000u\000i\000t\000e\000c\000t\000u\000r\000a\000\040\000d\000e\000l\000\040\000s\000i\000s\000t\000e\000m\000a}{chapter.2}% 26
\BOOKMARK [2][-]{subsection.2.4.1}{\376\377\000C\000o\000m\000p\000o\000n\000e\000n\000t\000e\000s\000\040\000P\000r\000i\000n\000c\000i\000p\000a\000l\000e\000s}{section.2.4}% 27
\BOOKMARK [2][-]{subsection.2.4.2}{\376\377\000F\000l\000u\000j\000o\000\040\000d\000e\000\040\000D\000a\000t\000o\000s\000\040\000e\000\040\000I\000n\000t\000e\000r\000a\000c\000c\000i\000o\000n\000e\000s}{section.2.4}% 28
\BOOKMARK [1][-]{section.2.5}{\376\377\000D\000i\000s\000t\000r\000i\000b\000u\000c\000i\000\363\000n\000\040\000y\000\040\000g\000e\000s\000t\000i\000\363\000n\000\040\000r\000e\000c\000u\000r\000s\000o\000s\000\040\000d\000e\000l\000\040\000s\000i\000s\000t\000e\000m\000a}{chapter.2}% 29
\BOOKMARK [2][-]{subsection.2.5.1}{\376\377\000R\000e\000c\000u\000r\000s\000o\000s\000\040\000d\000e\000l\000\040\000l\000a\000d\000o\000\040\000d\000e\000l\000\040\000c\000l\000i\000e\000n\000t\000e}{section.2.5}% 30
\BOOKMARK [2][-]{subsection.2.5.2}{\376\377\000R\000e\000c\000u\000r\000s\000o\000s\000\040\000d\000e\000l\000\040\000l\000a\000d\000o\000\040\000d\000e\000l\000\040\000s\000e\000r\000v\000i\000d\000o\000r}{section.2.5}% 31
\BOOKMARK [2][-]{subsection.2.5.3}{\376\377\000B\000a\000l\000a\000n\000c\000e\000\040\000d\000e\000\040\000c\000a\000r\000g\000a\000\040\000y\000\040\000e\000f\000i\000c\000i\000e\000n\000c\000i\000a}{section.2.5}% 32
\BOOKMARK [0][-]{chapter.3}{\376\377\000D\000I\000S\000E\000\321\000O\000\040\000E\000\040\000I\000M\000P\000L\000E\000M\000E\000N\000T\000A\000C\000I\000\323\000N}{}% 33
\BOOKMARK [1][-]{section.3.1}{\376\377\000D\000e\000s\000a\000r\000r\000o\000l\000l\000o\000\040\000d\000e\000\040\000l\000a\000\040\000i\000n\000t\000e\000r\000f\000a\000z\000\040\000d\000e\000\040\000u\000s\000u\000a\000r\000i\000o}{chapter.3}% 34
\BOOKMARK [2][-]{subsection.3.1.1}{\376\377\000C\000o\000m\000p\000o\000n\000e\000n\000t\000e\000s\000\040\000p\000r\000i\000n\000c\000i\000p\000a\000l\000e\000s\000\040\000d\000e\000\040\000l\000a\000\040\000i\000n\000t\000e\000r\000f\000a\000z}{section.3.1}% 35
\BOOKMARK [2][-]{subsection.3.1.2}{\376\377\000S\000i\000s\000t\000e\000m\000a\000\040\000d\000e\000\040\000t\000i\000p\000o\000s\000\040\000d\000e\000\040\000p\000r\000e\000g\000u\000n\000t\000a\000s\000\040\000y\000\040\000p\000e\000r\000s\000o\000n\000a\000l\000i\000z\000a\000c\000i\000\363\000n}{section.3.1}% 36
\BOOKMARK [1][-]{section.3.2}{\376\377\000I\000n\000t\000e\000g\000r\000a\000c\000i\000\363\000n\000\040\000d\000e\000\040\000i\000n\000t\000e\000l\000i\000g\000e\000n\000c\000i\000a\000\040\000a\000r\000t\000i\000f\000i\000c\000i\000a\000l}{chapter.3}% 37
\BOOKMARK [2][-]{subsection.3.2.1}{\376\377\000I\000m\000p\000l\000e\000m\000e\000n\000t\000a\000c\000i\000\363\000n\000\040\000T\000\351\000c\000n\000i\000c\000a\000\040\000d\000e\000\040\000l\000a\000\040\000I\000n\000t\000e\000g\000r\000a\000c\000i\000\363\000n\000\040\000d\000e\000\040\000I\000A\000\040\000c\000o\000n\000\040\000G\000e\000m\000i\000n\000i\000\040\000A\000P\000I}{section.3.2}% 38
\BOOKMARK [1][-]{section.3.3}{\376\377\000S\000i\000s\000t\000e\000m\000a\000\040\000d\000e\000\040\000g\000e\000s\000t\000i\000\363\000n\000\040\000d\000e\000\040\000s\000e\000s\000i\000o\000n\000e\000s\000\040\000d\000e\000\040\000e\000x\000a\000m\000e\000n}{chapter.3}% 39
\BOOKMARK [1][-]{section.3.4}{\376\377\000G\000e\000s\000t\000i\000\363\000n\000\040\000d\000e\000\040\000b\000a\000s\000e\000\040\000d\000e\000\040\000d\000a\000t\000o\000s\000\040\000y\000\040\000a\000l\000m\000a\000c\000e\000n\000a\000m\000i\000e\000n\000t\000o}{chapter.3}% 40
\BOOKMARK [2][-]{subsection.3.4.1}{\376\377\000M\000o\000d\000e\000l\000o\000\040\000d\000e\000\040\000D\000a\000t\000o\000s\000\040\000e\000n\000\040\000S\000u\000p\000a\000b\000a\000s\000e\000\040\000P\000o\000s\000t\000g\000r\000e\000S\000Q\000L}{section.3.4}% 41
\BOOKMARK [2][-]{subsection.3.4.2}{\376\377\000P\000o\000l\000\355\000t\000i\000c\000a\000s\000\040\000d\000e\000\040\000S\000e\000g\000u\000r\000i\000d\000a\000d\000\040\000R\000o\000w\000\040\000L\000e\000v\000e\000l\000\040\000S\000e\000c\000u\000r\000i\000t\000y\000\040\000\050\000R\000L\000S\000\051}{section.3.4}% 42
\BOOKMARK [2][-]{subsection.3.4.3}{\376\377\000O\000p\000e\000r\000a\000c\000i\000o\000n\000e\000s\000\040\000C\000R\000U\000D\000\040\000y\000\040\000A\000P\000I\000s}{section.3.4}% 43
\BOOKMARK [1][-]{section.3.5}{\376\377\000S\000e\000g\000u\000r\000i\000d\000a\000d\000\040\000y\000\040\000p\000r\000o\000t\000e\000c\000c\000i\000\363\000n\000\040\000d\000e\000\040\000d\000a\000t\000o\000s}{chapter.3}% 44
\BOOKMARK [0][-]{chapter.4}{\376\377\000R\000E\000S\000U\000L\000T\000A\000D\000O\000S\000\040\000Y\000\040\000P\000R\000U\000E\000B\000A\000S}{}% 45
\BOOKMARK [1][-]{section.4.1}{\376\377\000I\000n\000t\000e\000r\000f\000a\000z\000\040\000d\000e\000\040\000u\000s\000u\000a\000r\000i\000o\000\040\000i\000m\000p\000l\000e\000m\000e\000n\000t\000a\000d\000a}{chapter.4}% 46
\BOOKMARK [2][-]{subsection.4.1.1}{\376\377\000P\000a\000n\000e\000l\000\040\000p\000r\000i\000n\000c\000i\000p\000a\000l\000\040\000y\000\040\000n\000a\000v\000e\000g\000a\000c\000i\000\363\000n}{section.4.1}% 47
\BOOKMARK [2][-]{subsection.4.1.2}{\376\377\000C\000o\000n\000f\000i\000g\000u\000r\000a\000c\000i\000\363\000n\000\040\000d\000e\000\040\000e\000x\000\341\000m\000e\000n\000e\000s}{section.4.1}% 48
\BOOKMARK [2][-]{subsection.4.1.3}{\376\377\000I\000n\000t\000e\000r\000f\000a\000z\000\040\000d\000e\000\040\000e\000x\000a\000m\000e\000n}{section.4.1}% 49
\BOOKMARK [2][-]{subsection.4.1.4}{\376\377\000R\000e\000s\000u\000l\000t\000a\000d\000o\000s\000\040\000y\000\040\000e\000s\000t\000a\000d\000\355\000s\000t\000i\000c\000a\000s}{section.4.1}% 50
\BOOKMARK [1][-]{section.4.2}{\376\377\000F\000u\000n\000c\000i\000o\000n\000a\000l\000i\000d\000a\000d\000e\000s\000\040\000d\000e\000\040\000i\000n\000t\000e\000l\000i\000g\000e\000n\000c\000i\000a\000\040\000a\000r\000t\000i\000f\000i\000c\000i\000a\000l}{chapter.4}% 51
\BOOKMARK [2][-]{subsection.4.2.1}{\376\377\000G\000e\000n\000e\000r\000a\000c\000i\000\363\000n\000\040\000a\000u\000t\000o\000m\000\341\000t\000i\000c\000a\000\040\000d\000e\000\040\000p\000r\000e\000g\000u\000n\000t\000a\000s}{section.4.2}% 52
\BOOKMARK [2][-]{subsection.4.2.2}{\376\377\000A\000n\000\341\000l\000i\000s\000i\000s\000\040\000d\000e\000\040\000r\000e\000s\000p\000u\000e\000s\000t\000a\000s}{section.4.2}% 53
\BOOKMARK [1][-]{section.4.3}{\376\377\000P\000r\000u\000e\000b\000a\000s\000\040\000d\000e\000\040\000r\000e\000n\000d\000i\000m\000i\000e\000n\000t\000o}{chapter.4}% 54
\BOOKMARK [2][-]{subsection.4.3.1}{\376\377\000P\000r\000u\000e\000b\000a\000s\000\040\000d\000e\000\040\000c\000a\000r\000g\000a\000\040\000c\000o\000n\000c\000u\000r\000r\000e\000n\000t\000e}{section.4.3}% 55
\BOOKMARK [2][-]{subsection.4.3.2}{\376\377\000P\000r\000u\000e\000b\000a\000s\000\040\000d\000e\000\040\000c\000o\000m\000p\000a\000t\000i\000b\000i\000l\000i\000d\000a\000d}{section.4.3}% 56
\BOOKMARK [1][-]{section.4.4}{\376\377\000V\000a\000l\000i\000d\000a\000c\000i\000\363\000n\000\040\000d\000e\000\040\000s\000e\000g\000u\000r\000i\000d\000a\000d}{chapter.4}% 57
\BOOKMARK [2][-]{subsection.4.4.1}{\376\377\000A\000u\000t\000e\000n\000t\000i\000c\000a\000c\000i\000\363\000n\000\040\000y\000\040\000a\000u\000t\000o\000r\000i\000z\000a\000c\000i\000\363\000n}{section.4.4}% 58
\BOOKMARK [2][-]{subsection.4.4.2}{\376\377\000I\000n\000t\000e\000g\000r\000i\000d\000a\000d\000\040\000d\000e\000\040\000e\000x\000\341\000m\000e\000n\000e\000s}{section.4.4}% 59
\BOOKMARK [1][-]{section.4.5}{\376\377\000F\000e\000e\000d\000b\000a\000c\000k\000\040\000d\000e\000\040\000u\000s\000u\000a\000r\000i\000o\000s}{chapter.4}% 60
\BOOKMARK [2][-]{subsection.4.5.1}{\376\377\000P\000r\000u\000e\000b\000a\000s\000\040\000d\000e\000\040\000u\000s\000a\000b\000i\000l\000i\000d\000a\000d}{section.4.5}% 61
\BOOKMARK [2][-]{subsection.4.5.2}{\376\377\000E\000f\000e\000c\000t\000i\000v\000i\000d\000a\000d\000\040\000e\000d\000u\000c\000a\000t\000i\000v\000a}{section.4.5}% 62
\BOOKMARK [0][-]{chapter.5}{\376\377\000P\000R\000O\000D\000U\000C\000C\000I\000\323\000N\000\040\000Y\000\040\000D\000E\000S\000P\000L\000I\000E\000G\000U\000E}{}% 63
\BOOKMARK [1][-]{section.5.1}{\376\377\000A\000r\000q\000u\000i\000t\000e\000c\000t\000u\000r\000a\000\040\000d\000e\000\040\000d\000e\000s\000p\000l\000i\000e\000g\000u\000e}{chapter.5}% 64
\BOOKMARK [2][-]{subsection.5.1.1}{\376\377\000I\000n\000f\000r\000a\000e\000s\000t\000r\000u\000c\000t\000u\000r\000a\000\040\000u\000t\000i\000l\000i\000z\000a\000d\000a}{section.5.1}% 65
\BOOKMARK [2][-]{subsection.5.1.2}{\376\377\000E\000s\000t\000r\000a\000t\000e\000g\000i\000a\000\040\000d\000e\000\040\000d\000e\000s\000p\000l\000i\000e\000g\000u\000e\000\040\000h\000\355\000b\000r\000i\000d\000a}{section.5.1}% 66
\BOOKMARK [1][-]{section.5.2}{\376\377\000P\000r\000o\000c\000e\000s\000o\000\040\000d\000e\000\040\000d\000e\000s\000p\000l\000i\000e\000g\000u\000e}{chapter.5}% 67
\BOOKMARK [2][-]{subsection.5.2.1}{\376\377\000C\000o\000n\000f\000i\000g\000u\000r\000a\000c\000i\000\363\000n\000\040\000d\000e\000l\000\040\000f\000r\000o\000n\000t\000e\000n\000d}{section.5.2}% 68
\BOOKMARK [2][-]{subsection.5.2.2}{\376\377\000C\000o\000n\000f\000i\000g\000u\000r\000a\000c\000i\000\363\000n\000\040\000d\000e\000l\000\040\000b\000a\000c\000k\000e\000n\000d}{section.5.2}% 69
\BOOKMARK [2][-]{subsection.5.2.3}{\376\377\000C\000o\000n\000f\000i\000g\000u\000r\000a\000c\000i\000\363\000n\000\040\000d\000e\000\040\000b\000a\000s\000e\000\040\000d\000e\000\040\000d\000a\000t\000o\000s}{section.5.2}% 70
\BOOKMARK [1][-]{section.5.3}{\376\377\000D\000o\000m\000i\000n\000i\000o\000\040\000y\000\040\000D\000N\000S}{chapter.5}% 71
\BOOKMARK [2][-]{subsection.5.3.1}{\376\377\000C\000o\000n\000f\000i\000g\000u\000r\000a\000c\000i\000\363\000n\000\040\000d\000e\000\040\000d\000o\000m\000i\000n\000i\000o\000s\000\040\000d\000e\000\040\000l\000a\000\040\000a\000p\000l\000i\000c\000a\000c\000i\000\363\000n}{section.5.3}% 72
\BOOKMARK [2][-]{subsection.5.3.2}{\376\377\000C\000o\000n\000f\000i\000g\000u\000r\000a\000c\000i\000\363\000n\000\040\000D\000N\000S}{section.5.3}% 73
\BOOKMARK [1][-]{section.5.4}{\376\377\000M\000o\000n\000i\000t\000o\000r\000e\000o\000\040\000y\000\040\000m\000a\000n\000t\000e\000n\000i\000m\000i\000e\000n\000t\000o}{chapter.5}% 74
\BOOKMARK [2][-]{subsection.5.4.1}{\376\377\000M\000\351\000t\000r\000i\000c\000a\000s\000\040\000d\000e\000\040\000r\000e\000n\000d\000i\000m\000i\000e\000n\000t\000o}{section.5.4}% 75
\BOOKMARK [2][-]{subsection.5.4.2}{\376\377\000P\000r\000o\000c\000e\000d\000i\000m\000i\000e\000n\000t\000o\000s\000\040\000d\000e\000\040\000m\000a\000n\000t\000e\000n\000i\000m\000i\000e\000n\000t\000o}{section.5.4}% 76
\BOOKMARK [1][-]{section.5.5}{\376\377\000R\000e\000s\000u\000l\000t\000a\000d\000o\000s\000\040\000d\000e\000l\000\040\000d\000e\000s\000p\000l\000i\000e\000g\000u\000e}{chapter.5}% 77
\BOOKMARK [2][-]{subsection.5.5.1}{\376\377\000M\000\351\000t\000r\000i\000c\000a\000s\000\040\000d\000e\000\040\000r\000e\000n\000d\000i\000m\000i\000e\000n\000t\000o\000\040\000e\000n\000\040\000p\000r\000o\000d\000u\000c\000c\000i\000\363\000n}{section.5.5}% 78
\BOOKMARK [2][-]{subsection.5.5.2}{\376\377\000F\000e\000e\000d\000b\000a\000c\000k\000\040\000p\000o\000s\000t\000-\000d\000e\000s\000p\000l\000i\000e\000g\000u\000e}{section.5.5}% 79
\BOOKMARK [0][-]{chapter.6}{\376\377\000A\000R\000Q\000U\000I\000T\000E\000C\000T\000U\000R\000A\000\040\000T\000\311\000C\000N\000I\000C\000A\000\040\000D\000E\000T\000A\000L\000L\000A\000D\000A}{}% 80
\BOOKMARK [1][-]{section.6.1}{\376\377\000A\000n\000\341\000l\000i\000s\000i\000s\000\040\000d\000e\000l\000\040\000F\000r\000o\000n\000t\000e\000n\000d\000\040\000-\000\040\000A\000r\000q\000u\000i\000t\000e\000c\000t\000u\000r\000a\000\040\000R\000e\000a\000c\000t}{chapter.6}% 81
\BOOKMARK [2][-]{subsection.6.1.1}{\376\377\000E\000s\000t\000r\000u\000c\000t\000u\000r\000a\000\040\000d\000e\000\040\000C\000o\000m\000p\000o\000n\000e\000n\000t\000e\000s\000\040\000y\000\040\000F\000u\000n\000c\000i\000o\000n\000a\000l\000i\000d\000a\000d\000e\000s}{section.6.1}% 82
\BOOKMARK [2][-]{subsection.6.1.2}{\376\377\000I\000n\000t\000e\000g\000r\000a\000c\000i\000\363\000n\000\040\000c\000o\000n\000\040\000M\000o\000d\000e\000l\000o\000s\000\040\000d\000e\000\040\000I\000n\000t\000e\000l\000i\000g\000e\000n\000c\000i\000a\000\040\000A\000r\000t\000i\000f\000i\000c\000i\000a\000l}{section.6.1}% 83
\BOOKMARK [2][-]{subsection.6.1.3}{\376\377\000G\000e\000s\000t\000i\000\363\000n\000\040\000d\000e\000\040\000E\000s\000t\000a\000d\000o\000\040\000G\000l\000o\000b\000a\000l\000\040\000y\000\040\000A\000u\000t\000e\000n\000t\000i\000c\000a\000c\000i\000\363\000n}{section.6.1}% 84
\BOOKMARK [1][-]{section.6.2}{\376\377\000A\000n\000\341\000l\000i\000s\000i\000s\000\040\000d\000e\000l\000\040\000B\000a\000c\000k\000e\000n\000d\000\040\000-\000\040\000A\000P\000I\000s\000\040\000y\000\040\000P\000r\000o\000c\000e\000s\000a\000m\000i\000e\000n\000t\000o}{chapter.6}% 85
\BOOKMARK [2][-]{subsection.6.2.1}{\376\377\000E\000s\000t\000r\000u\000c\000t\000u\000r\000a\000\040\000d\000e\000l\000\040\000S\000e\000r\000v\000i\000d\000o\000r\000\040\000y\000\040\000M\000i\000d\000d\000l\000e\000w\000a\000r\000e}{section.6.2}% 86
\BOOKMARK [2][-]{subsection.6.2.2}{\376\377\000A\000P\000I\000s\000\040\000P\000r\000i\000n\000c\000i\000p\000a\000l\000e\000s\000\040\000y\000\040\000P\000r\000o\000c\000e\000s\000a\000m\000i\000e\000n\000t\000o\000\040\000d\000e\000\040\000I\000A}{section.6.2}% 87
\BOOKMARK [2][-]{subsection.6.2.3}{\376\377\000G\000e\000s\000t\000i\000\363\000n\000\040\000d\000e\000\040\000B\000a\000s\000e\000\040\000d\000e\000\040\000D\000a\000t\000o\000s\000\040\000y\000\040\000P\000e\000r\000s\000i\000s\000t\000e\000n\000c\000i\000a}{section.6.2}% 88
\BOOKMARK [1][-]{section.6.3}{\376\377\000F\000l\000u\000j\000o\000\040\000d\000e\000\040\000D\000a\000t\000o\000s\000:\000\040\000D\000e\000l\000\040\000U\000s\000u\000a\000r\000i\000o\000\040\000a\000\040\000l\000a\000\040\000B\000a\000s\000e\000\040\000d\000e\000\040\000D\000a\000t\000o\000s}{chapter.6}% 89
\BOOKMARK [2][-]{subsection.6.3.1}{\376\377\000C\000a\000p\000t\000u\000r\000a\000\040\000y\000\040\000P\000r\000o\000c\000e\000s\000a\000m\000i\000e\000n\000t\000o\000\040\000d\000e\000\040\000R\000e\000s\000p\000u\000e\000s\000t\000a\000s}{section.6.3}% 90
\BOOKMARK [2][-]{subsection.6.3.2}{\376\377\000E\000s\000t\000r\000u\000c\000t\000u\000r\000a\000\040\000d\000e\000\040\000A\000l\000m\000a\000c\000e\000n\000a\000m\000i\000e\000n\000t\000o\000\040\000e\000n\000\040\000B\000a\000s\000e\000\040\000d\000e\000\040\000D\000a\000t\000o\000s}{section.6.3}% 91
\BOOKMARK [2][-]{subsection.6.3.3}{\376\377\000P\000r\000o\000c\000e\000s\000a\000m\000i\000e\000n\000t\000o\000\040\000y\000\040\000C\000\341\000l\000c\000u\000l\000o\000\040\000d\000e\000\040\000M\000\351\000t\000r\000i\000c\000a\000s}{section.6.3}% 92
\BOOKMARK [1][-]{section.6.4}{\376\377\000S\000e\000g\000u\000r\000i\000d\000a\000d\000\040\000y\000\040\000M\000i\000d\000d\000l\000e\000w\000a\000r\000e\000\040\000d\000e\000\040\000A\000u\000t\000e\000n\000t\000i\000c\000a\000c\000i\000\363\000n}{chapter.6}% 93
\BOOKMARK [2][-]{subsection.6.4.1}{\376\377\000I\000m\000p\000l\000e\000m\000e\000n\000t\000a\000c\000i\000\363\000n\000\040\000d\000e\000l\000\040\000M\000i\000d\000d\000l\000e\000w\000a\000r\000e\000\040\000d\000e\000\040\000S\000e\000g\000u\000r\000i\000d\000a\000d}{section.6.4}% 94
\BOOKMARK [2][-]{subsection.6.4.2}{\376\377\000V\000a\000l\000i\000d\000a\000c\000i\000o\000n\000e\000s\000\040\000d\000e\000\040\000S\000e\000g\000u\000r\000i\000d\000a\000d\000\040\000I\000m\000p\000l\000e\000m\000e\000n\000t\000a\000d\000a\000s}{section.6.4}% 95
\BOOKMARK [0][-]{chapter.7}{\376\377\000C\000O\000N\000C\000L\000U\000S\000I\000O\000N\000E\000S}{}% 96
\BOOKMARK [1][-]{section.7.1}{\376\377\000L\000o\000g\000r\000o\000s\000\040\000o\000b\000t\000e\000n\000i\000d\000o\000s}{chapter.7}% 97
\BOOKMARK [2][-]{subsection.7.1.1}{\376\377\000O\000b\000j\000e\000t\000i\000v\000o\000s\000\040\000t\000\351\000c\000n\000i\000c\000o\000s\000\040\000a\000l\000c\000a\000n\000z\000a\000d\000o\000s}{section.7.1}% 98
\BOOKMARK [2][-]{subsection.7.1.2}{\376\377\000I\000m\000p\000a\000c\000t\000o\000\040\000e\000d\000u\000c\000a\000t\000i\000v\000o}{section.7.1}% 99
\BOOKMARK [1][-]{section.7.2}{\376\377\000I\000n\000n\000o\000v\000a\000c\000i\000o\000n\000e\000s\000\040\000i\000m\000p\000l\000e\000m\000e\000n\000t\000a\000d\000a\000s}{chapter.7}% 100
\BOOKMARK [2][-]{subsection.7.2.1}{\376\377\000I\000n\000t\000e\000g\000r\000a\000c\000i\000\363\000n\000\040\000i\000n\000t\000e\000l\000i\000g\000e\000n\000t\000e\000\040\000d\000e\000\040\000I\000A}{section.7.2}% 101
\BOOKMARK [2][-]{subsection.7.2.2}{\376\377\000A\000r\000q\000u\000i\000t\000e\000c\000t\000u\000r\000a\000\040\000h\000\355\000b\000r\000i\000d\000a\000\040\000e\000f\000i\000c\000i\000e\000n\000t\000e}{section.7.2}% 102
\BOOKMARK [1][-]{section.7.3}{\376\377\000L\000i\000m\000i\000t\000a\000c\000i\000o\000n\000e\000s\000\040\000i\000d\000e\000n\000t\000i\000f\000i\000c\000a\000d\000a\000s}{chapter.7}% 103
\BOOKMARK [2][-]{subsection.7.3.1}{\376\377\000L\000i\000m\000i\000t\000a\000c\000i\000o\000n\000e\000s\000\040\000t\000\351\000c\000n\000i\000c\000a\000s}{section.7.3}% 104
\BOOKMARK [2][-]{subsection.7.3.2}{\376\377\000L\000i\000m\000i\000t\000a\000c\000i\000o\000n\000e\000s\000\040\000p\000e\000d\000a\000g\000\363\000g\000i\000c\000a\000s}{section.7.3}% 105
\BOOKMARK [1][-]{section.7.4}{\376\377\000T\000r\000a\000b\000a\000j\000o\000\040\000f\000u\000t\000u\000r\000o}{chapter.7}% 106
\BOOKMARK [2][-]{subsection.7.4.1}{\376\377\000M\000e\000j\000o\000r\000a\000s\000\040\000t\000\351\000c\000n\000i\000c\000a\000s\000\040\000p\000l\000a\000n\000i\000f\000i\000c\000a\000d\000a\000s}{section.7.4}% 107
\BOOKMARK [2][-]{subsection.7.4.2}{\376\377\000E\000x\000p\000a\000n\000s\000i\000\363\000n\000\040\000d\000e\000\040\000f\000u\000n\000c\000i\000o\000n\000a\000l\000i\000d\000a\000d\000e\000s}{section.7.4}% 108
\BOOKMARK [2][-]{subsection.7.4.3}{\376\377\000E\000x\000p\000a\000n\000s\000i\000\363\000n\000\040\000e\000d\000u\000c\000a\000t\000i\000v\000a}{section.7.4}% 109
\BOOKMARK [1][-]{section.7.5}{\376\377\000R\000e\000f\000l\000e\000x\000i\000o\000n\000e\000s\000\040\000f\000i\000n\000a\000l\000e\000s}{chapter.7}% 110
